<?xml version="1.0" encoding="UTF-8"?>
<!-- Generated by org.testng.reporters.JUnitReportReporter -->
<testsuite skipped="0" hostname="RAGHAVENDRA" name="svg.Demo" tests="1" failures="0" timestamp="13 Dec 2019 13:55:14 GMT" time="48.751" errors="0">
  <testcase name="testSvg1" time="48.751" classname="svg.Demo"/>
</testsuite> <!-- svg.Demo -->
