<?xml version="1.0" encoding="UTF-8"?>
<!-- Generated by org.testng.reporters.JUnitReportReporter -->
<testsuite skipped="0" hostname="RAGHAVENDRA" name="broken.Img3" tests="1" failures="0" timestamp="27 Nov 2019 10:04:32 GMT" time="19.573" errors="0">
  <testcase name="testImages" time="19.573" classname="broken.Img3"/>
</testsuite> <!-- broken.Img3 -->
