<?xml version="1.0" encoding="UTF-8"?>
<!-- Generated by org.testng.reporters.JUnitReportReporter -->
<testsuite skipped="0" hostname="RAGHAVENDRA" name="broken.Img4" tests="1" failures="0" timestamp="27 Nov 2019 10:09:14 GMT" time="21.935" errors="0">
  <testcase name="testImages" time="21.935" classname="broken.Img4"/>
</testsuite> <!-- broken.Img4 -->
