<?xml version="1.0" encoding="UTF-8"?>
<!-- Generated by org.testng.reporters.JUnitReportReporter -->
<testsuite skipped="0" hostname="RAGHAVENDRA" name="headless.Demo3" tests="1" failures="0" timestamp="04 Dec 2019 15:27:44 GMT" time="6.794" errors="0">
  <testcase name="Demo3" time="6.794" classname="headless.Demo3"/>
</testsuite> <!-- headless.Demo3 -->
