<?xml version="1.0" encoding="UTF-8"?>
<!-- Generated by org.testng.reporters.JUnitReportReporter -->
<testsuite skipped="0" hostname="RAGHAVENDRA" name="broken.Link" tests="1" failures="0" timestamp="22 Nov 2019 16:01:47 GMT" time="0.465" errors="0">
  <testcase name="testlink" time="0.465" classname="broken.Link"/>
</testsuite> <!-- broken.Link -->
