<?xml version="1.0" encoding="UTF-8"?>
<!-- Generated by org.testng.reporters.JUnitReportReporter -->
<testsuite skipped="0" hostname="RAGHAVENDRA" name="broken.Link3" tests="1" failures="0" timestamp="27 Nov 2019 08:58:56 GMT" time="28.287" errors="0">
  <testcase name="testLink" time="28.287" classname="broken.Link3"/>
</testsuite> <!-- broken.Link3 -->
