<?xml version="1.0" encoding="UTF-8"?>
<!-- Generated by org.testng.reporters.JUnitReportReporter -->
<testsuite skipped="0" hostname="RAGHAVENDRA" name="headless.Demo1" tests="1" failures="0" timestamp="04 Dec 2019 14:29:49 GMT" time="22.733" errors="0">
  <testcase name="Demo1" time="22.733" classname="headless.Demo1"/>
</testsuite> <!-- headless.Demo1 -->
