<?xml version="1.0" encoding="UTF-8"?>
<!-- Generated by org.testng.reporters.JUnitReportReporter -->
<testsuite skipped="0" hostname="RAGHAVENDRA" name="broken.Link3" tests="1" failures="0" timestamp="16 Dec 2019 11:59:58 GMT" time="26.515" errors="0">
  <testcase name="testLink" time="26.515" classname="broken.Link3"/>
</testsuite> <!-- broken.Link3 -->
