<?xml version="1.0" encoding="UTF-8"?>
<!-- Generated by org.testng.reporters.JUnitReportReporter -->
<testsuite skipped="0" hostname="RAGHAVENDRA" name="testdata.Demo" tests="1" failures="0" timestamp="21 Nov 2019 13:22:44 GMT" time="0.029" errors="0">
  <testcase name="test" time="0.029" classname="testdata.Demo"/>
</testsuite> <!-- testdata.Demo -->
