<?xml version="1.0" encoding="UTF-8"?>
<!-- Generated by org.testng.reporters.JUnitReportReporter -->
<testsuite skipped="0" hostname="RAGHAVENDRA" name="broken.Img1" tests="1" failures="0" timestamp="27 Nov 2019 09:54:47 GMT" time="8.415" errors="0">
  <testcase name="testImgA" time="8.415" classname="broken.Img1"/>
</testsuite> <!-- broken.Img1 -->
