<?xml version="1.0" encoding="UTF-8"?>
<!-- Generated by org.testng.reporters.JUnitReportReporter -->
<testsuite skipped="0" hostname="RAGHAVENDRA" name="headless.Demo" tests="1" failures="0" timestamp="04 Dec 2019 14:26:26 GMT" time="10.232" errors="0">
  <testcase name="Demo" time="10.232" classname="headless.Demo"/>
</testsuite> <!-- headless.Demo -->
