<?xml version="1.0" encoding="UTF-8"?>
<!-- Generated by org.testng.reporters.JUnitReportReporter -->
<testsuite skipped="0" hostname="RAGHAVENDRA" name="testdata.Demo2" tests="1" failures="0" timestamp="21 Nov 2019 08:11:49 GMT" time="24.068" errors="0">
  <testcase name="testLogin" time="24.068" classname="testdata.Demo2"/>
</testsuite> <!-- testdata.Demo2 -->
