<?xml version="1.0" encoding="UTF-8"?>
<!-- Generated by org.testng.reporters.JUnitReportReporter -->
<testsuite skipped="0" hostname="RAGHAVENDRA" name="testdata.Demo1" tests="1" failures="0" timestamp="21 Nov 2019 07:47:58 GMT" time="0.492" errors="0">
  <testcase name="read" time="0.492" classname="testdata.Demo1"/>
</testsuite> <!-- testdata.Demo1 -->
