<?xml version="1.0" encoding="UTF-8"?>
<!-- Generated by org.testng.reporters.JUnitReportReporter -->
<testsuite skipped="0" hostname="RAGHAVENDRA" name="broken.Img" tests="1" failures="0" timestamp="27 Nov 2019 09:47:03 GMT" time="1.289" errors="0">
  <testcase name="testImg" time="1.289" classname="broken.Img"/>
</testsuite> <!-- broken.Img -->
