<?xml version="1.0" encoding="UTF-8"?>
<!-- Generated by org.testng.reporters.JUnitReportReporter -->
<testsuite skipped="0" hostname="RAGHAVENDRA" name="testdata.db" tests="1" failures="0" timestamp="02 Dec 2019 13:14:00 GMT" time="0.825" errors="0">
  <testcase name="testDB" time="0.825" classname="testdata.db"/>
</testsuite> <!-- testdata.db -->
