<?xml version="1.0" encoding="UTF-8"?>
<!-- Generated by org.testng.reporters.JUnitReportReporter -->
<testsuite skipped="0" hostname="RAGHAVENDRA" name="svg.Demo1" tests="1" failures="0" timestamp="13 Dec 2019 14:11:38 GMT" time="10.005" errors="0">
  <testcase name="testSvg1" time="10.005" classname="svg.Demo1"/>
</testsuite> <!-- svg.Demo1 -->
