<?xml version="1.0" encoding="UTF-8"?>
<!-- Generated by org.testng.reporters.JUnitReportReporter -->
<testsuite skipped="0" hostname="RAGHAVENDRA" name="broken.Img2" tests="1" failures="0" timestamp="27 Nov 2019 10:04:48 GMT" time="11.728" errors="0">
  <testcase name="testImages" time="11.728" classname="broken.Img2"/>
</testsuite> <!-- broken.Img2 -->
