<?xml version="1.0" encoding="UTF-8"?>
<!-- Generated by org.testng.reporters.JUnitReportReporter -->
<testsuite skipped="0" hostname="RAGHAVENDRA" name="svg.Demo1" tests="1" failures="0" timestamp="02 Dec 2019 11:42:07 GMT" time="10.825" errors="0">
  <testcase name="testSvg1" time="10.825" classname="svg.Demo1"/>
</testsuite> <!-- svg.Demo1 -->
