<?xml version="1.0" encoding="UTF-8"?>
<!-- Generated by org.testng.reporters.JUnitReportReporter -->
<testsuite skipped="0" hostname="RAGHAVENDRA" name="basic.JSE" tests="1" failures="0" timestamp="02 Dec 2019 14:14:15 GMT" time="27.712" errors="0">
  <testcase name="testA" time="27.712" classname="basic.JSE"/>
</testsuite> <!-- basic.JSE -->
