<?xml version="1.0" encoding="UTF-8"?>
<!-- Generated by org.testng.reporters.JUnitReportReporter -->
<testsuite skipped="0" hostname="RAGHAVENDRA" name="svg.Demo" tests="1" failures="0" timestamp="02 Dec 2019 11:25:19 GMT" time="344.929" errors="0">
  <testcase name="testSvg1" time="344.929" classname="svg.Demo"/>
</testsuite> <!-- svg.Demo -->
