<?xml version="1.0" encoding="UTF-8"?>
<!-- Generated by org.testng.reporters.JUnitReportReporter -->
<testsuite skipped="0" hostname="RAGHAVENDRA" name="headless.Demo2" tests="1" failures="0" timestamp="04 Dec 2019 15:22:13 GMT" time="10.436" errors="0">
  <testcase name="Demo2" time="10.436" classname="headless.Demo2"/>
</testsuite> <!-- headless.Demo2 -->
