<?xml version="1.0" encoding="UTF-8"?>
<!-- Generated by org.testng.reporters.JUnitReportReporter -->
<testsuite skipped="0" hostname="RAGHAVENDRA" name="basic.Flwait" tests="1" failures="0" timestamp="06 Dec 2019 09:14:03 GMT" time="14.733" errors="0">
  <testcase name="testA" time="14.733" classname="basic.Flwait"/>
</testsuite> <!-- basic.Flwait -->
