<?xml version="1.0" encoding="UTF-8"?>
<!-- Generated by org.testng.reporters.JUnitReportReporter -->
<testsuite skipped="0" hostname="RAGHAVENDRA" name="listen.DemoC" tests="1" failures="0" timestamp="19 Dec 2019 13:24:56 GMT" time="0.000" errors="0">
  <testcase name="testC" time="0.000" classname="listen.DemoC"/>
</testsuite> <!-- listen.DemoC -->
